Removed Pin From Net: NetName=GND Pin=C?-1
Removed Pin From Net: NetName=GND Pin=U?-3
Removed Pin From Net: NetName=GND Pin=U?-5
Change Component Footprint: Designator=D? Old Footprint=DIODE/NOM/0.5A New Footprint=SMA
Change Component Comment : Designator=L? Old Comment=150mH New Comment=33uH
Change Component Comment : Designator=C? Old Comment=Cap Pol 5mm New Comment=220uF
Change Component Comment : Designator=C? Old Comment=Cap Pol 5mm New Comment=680uF
Change Component Designator: OldDesignator=C? NewDesignator=C3
Change Component Designator: OldDesignator=C? NewDesignator=C5
Change Component Designator: OldDesignator=D? NewDesignator=D1
Change Component Designator: OldDesignator=DIO? NewDesignator=DIO1
Change Component Designator: OldDesignator=L? NewDesignator=L1
Change Component Designator: OldDesignator=U? NewDesignator=U1
Added Component: Designator=*(USB-B-Mini)
Added Component: Designator=C1(C0805)
Add component (AddParameter): Name = "LatestRevisionDate"; Value = "17-Jul-2002"; VariantName = "[No Variations]"
Add component (AddParameter): Name = "LatestRevisionNote"; Value = "Re-released for DXP Platform."; VariantName = "[No Variations]"
Add component (AddParameter): Name = "PackageReference"; Value = "RAD-0.3"; VariantName = "[No Variations]"
Add component (AddParameter): Name = "Published"; Value = "8-Jun-2000"; VariantName = "[No Variations]"
Add component (AddParameter): Name = "Publisher"; Value = "Altium Limited"; VariantName = "[No Variations]"
Add component (AddParameter): Name = "Value"; Value = "33p"; VariantName = "[No Variations]"
Added Component: Designator=C2(C0805)
Add component (AddParameter): Name = "LatestRevisionDate"; Value = "17-Jul-2002"; VariantName = "[No Variations]"
Add component (AddParameter): Name = "LatestRevisionNote"; Value = "Re-released for DXP Platform."; VariantName = "[No Variations]"
Add component (AddParameter): Name = "PackageReference"; Value = "RAD-0.3"; VariantName = "[No Variations]"
Add component (AddParameter): Name = "Published"; Value = "8-Jun-2000"; VariantName = "[No Variations]"
Add component (AddParameter): Name = "Publisher"; Value = "Altium Limited"; VariantName = "[No Variations]"
Add component (AddParameter): Name = "Value"; Value = "33p"; VariantName = "[No Variations]"
Added Component: Designator=C4(CAP_0805)
Add component (AddParameter): Name = "LatestRevisionDate"; Value = "17-Jul-2002"; VariantName = "[No Variations]"
Add component (AddParameter): Name = "LatestRevisionNote"; Value = "Re-released for DXP Platform."; VariantName = "[No Variations]"
Add component (AddParameter): Name = "PackageReference"; Value = "RAD-0.3"; VariantName = "[No Variations]"
Add component (AddParameter): Name = "Published"; Value = "8-Jun-2000"; VariantName = "[No Variations]"
Add component (AddParameter): Name = "Publisher"; Value = "Altium Limited"; VariantName = "[No Variations]"
Add component (AddParameter): Name = "Value"; Value = "33p"; VariantName = "[No Variations]"
Added Component: Designator=C6(CAP_0805)
Add component (AddParameter): Name = "LatestRevisionDate"; Value = "17-Jul-2002"; VariantName = "[No Variations]"
Add component (AddParameter): Name = "LatestRevisionNote"; Value = "Re-released for DXP Platform."; VariantName = "[No Variations]"
Add component (AddParameter): Name = "PackageReference"; Value = "RAD-0.3"; VariantName = "[No Variations]"
Add component (AddParameter): Name = "Published"; Value = "8-Jun-2000"; VariantName = "[No Variations]"
Add component (AddParameter): Name = "Publisher"; Value = "Altium Limited"; VariantName = "[No Variations]"
Add component (AddParameter): Name = "Value"; Value = "33p"; VariantName = "[No Variations]"
Added Component: Designator=C7(C0805)
Add component (AddParameter): Name = "LatestRevisionDate"; Value = "17-Jul-2002"; VariantName = "[No Variations]"
Add component (AddParameter): Name = "LatestRevisionNote"; Value = "Re-released for DXP Platform."; VariantName = "[No Variations]"
Add component (AddParameter): Name = "PackageReference"; Value = "RAD-0.3"; VariantName = "[No Variations]"
Add component (AddParameter): Name = "Published"; Value = "8-Jun-2000"; VariantName = "[No Variations]"
Add component (AddParameter): Name = "Publisher"; Value = "Altium Limited"; VariantName = "[No Variations]"
Add component (AddParameter): Name = "Value"; Value = "33p"; VariantName = "[No Variations]"
Added Component: Designator=C8(CAP_0805)
Add component (AddParameter): Name = "LatestRevisionDate"; Value = "17-Jul-2002"; VariantName = "[No Variations]"
Add component (AddParameter): Name = "LatestRevisionNote"; Value = "Re-released for DXP Platform."; VariantName = "[No Variations]"
Add component (AddParameter): Name = "PackageReference"; Value = "RAD-0.3"; VariantName = "[No Variations]"
Add component (AddParameter): Name = "Published"; Value = "8-Jun-2000"; VariantName = "[No Variations]"
Add component (AddParameter): Name = "Publisher"; Value = "Altium Limited"; VariantName = "[No Variations]"
Add component (AddParameter): Name = "Value"; Value = "33p"; VariantName = "[No Variations]"
Added Component: Designator=C9(CAP_0805)
Add component (AddParameter): Name = "LatestRevisionDate"; Value = "17-Jul-2002"; VariantName = "[No Variations]"
Add component (AddParameter): Name = "LatestRevisionNote"; Value = "Re-released for DXP Platform."; VariantName = "[No Variations]"
Add component (AddParameter): Name = "PackageReference"; Value = "RAD-0.3"; VariantName = "[No Variations]"
Add component (AddParameter): Name = "Published"; Value = "8-Jun-2000"; VariantName = "[No Variations]"
Add component (AddParameter): Name = "Publisher"; Value = "Altium Limited"; VariantName = "[No Variations]"
Add component (AddParameter): Name = "Value"; Value = "33p"; VariantName = "[No Variations]"
Added Component: Designator=C10(CAP_0805)
Add component (AddParameter): Name = "LatestRevisionDate"; Value = "17-Jul-2002"; VariantName = "[No Variations]"
Add component (AddParameter): Name = "LatestRevisionNote"; Value = "Re-released for DXP Platform."; VariantName = "[No Variations]"
Add component (AddParameter): Name = "PackageReference"; Value = "RAD-0.3"; VariantName = "[No Variations]"
Add component (AddParameter): Name = "Published"; Value = "8-Jun-2000"; VariantName = "[No Variations]"
Add component (AddParameter): Name = "Publisher"; Value = "Altium Limited"; VariantName = "[No Variations]"
Add component (AddParameter): Name = "Value"; Value = "33p"; VariantName = "[No Variations]"
Added Component: Designator=C11(CAP_0805)
Add component (AddParameter): Name = "LatestRevisionDate"; Value = "17-Jul-2002"; VariantName = "[No Variations]"
Add component (AddParameter): Name = "LatestRevisionNote"; Value = "Re-released for DXP Platform."; VariantName = "[No Variations]"
Add component (AddParameter): Name = "PackageReference"; Value = "RAD-0.3"; VariantName = "[No Variations]"
Add component (AddParameter): Name = "Published"; Value = "8-Jun-2000"; VariantName = "[No Variations]"
Add component (AddParameter): Name = "Publisher"; Value = "Altium Limited"; VariantName = "[No Variations]"
Add component (AddParameter): Name = "Value"; Value = "33p"; VariantName = "[No Variations]"
Added Component: Designator=C12(CAP_0805)
Add component (AddParameter): Name = "LatestRevisionDate"; Value = "17-Jul-2002"; VariantName = "[No Variations]"
Add component (AddParameter): Name = "LatestRevisionNote"; Value = "Re-released for DXP Platform."; VariantName = "[No Variations]"
Add component (AddParameter): Name = "PackageReference"; Value = "RAD-0.3"; VariantName = "[No Variations]"
Add component (AddParameter): Name = "Published"; Value = "8-Jun-2000"; VariantName = "[No Variations]"
Add component (AddParameter): Name = "Publisher"; Value = "Altium Limited"; VariantName = "[No Variations]"
Add component (AddParameter): Name = "Value"; Value = "33p"; VariantName = "[No Variations]"
Added Component: Designator=C13(CAP_0805)
Add component (AddParameter): Name = "LatestRevisionDate"; Value = "17-Jul-2002"; VariantName = "[No Variations]"
Add component (AddParameter): Name = "LatestRevisionNote"; Value = "Re-released for DXP Platform."; VariantName = "[No Variations]"
Add component (AddParameter): Name = "PackageReference"; Value = "RAD-0.3"; VariantName = "[No Variations]"
Add component (AddParameter): Name = "Published"; Value = "8-Jun-2000"; VariantName = "[No Variations]"
Add component (AddParameter): Name = "Publisher"; Value = "Altium Limited"; VariantName = "[No Variations]"
Add component (AddParameter): Name = "Value"; Value = "33p"; VariantName = "[No Variations]"
Added Component: Designator=C14(CAP_0805)
Add component (AddParameter): Name = "LatestRevisionDate"; Value = "17-Jul-2002"; VariantName = "[No Variations]"
Add component (AddParameter): Name = "LatestRevisionNote"; Value = "Re-released for DXP Platform."; VariantName = "[No Variations]"
Add component (AddParameter): Name = "PackageReference"; Value = "RAD-0.3"; VariantName = "[No Variations]"
Add component (AddParameter): Name = "Published"; Value = "8-Jun-2000"; VariantName = "[No Variations]"
Add component (AddParameter): Name = "Publisher"; Value = "Altium Limited"; VariantName = "[No Variations]"
Add component (AddParameter): Name = "Value"; Value = "33p"; VariantName = "[No Variations]"
Added Component: Designator=C15(CAP_0805)
Add component (AddParameter): Name = "LatestRevisionDate"; Value = "17-Jul-2002"; VariantName = "[No Variations]"
Add component (AddParameter): Name = "LatestRevisionNote"; Value = "Re-released for DXP Platform."; VariantName = "[No Variations]"
Add component (AddParameter): Name = "PackageReference"; Value = "RAD-0.3"; VariantName = "[No Variations]"
Add component (AddParameter): Name = "Published"; Value = "8-Jun-2000"; VariantName = "[No Variations]"
Add component (AddParameter): Name = "Publisher"; Value = "Altium Limited"; VariantName = "[No Variations]"
Add component (AddParameter): Name = "Value"; Value = "33p"; VariantName = "[No Variations]"
Added Component: Designator=DIO2(DIO-SMD-106)
Add component (AddParameter): Name = "Code - JEDEC"; Value = "DO-214-AB"; VariantName = "[No Variations]"
Add component (AddParameter): Name = "Published"; Value = "8-Jun-2000"; VariantName = "[No Variations]"
Add component (AddParameter): Name = "Publisher"; Value = "Altium Limited"; VariantName = "[No Variations]"
Add component (AddParameter): Name = "Revision"; Value = "July-2002: Re-released for DXP Platform."; VariantName = "[No Variations]"
Add component (AddParameter): Name = "Value"; Value = "1N5007"; VariantName = "[No Variations]"
Added Component: Designator=DIO3(DIO-SMD-106)
Add component (AddParameter): Name = "Code - JEDEC"; Value = "DO-214-AB"; VariantName = "[No Variations]"
Add component (AddParameter): Name = "Published"; Value = "8-Jun-2000"; VariantName = "[No Variations]"
Add component (AddParameter): Name = "Publisher"; Value = "Altium Limited"; VariantName = "[No Variations]"
Add component (AddParameter): Name = "Revision"; Value = "July-2002: Re-released for DXP Platform."; VariantName = "[No Variations]"
Add component (AddParameter): Name = "Value"; Value = "1N5007"; VariantName = "[No Variations]"
Added Component: Designator=DIO4(DIO-SMD-106)
Add component (AddParameter): Name = "Code - JEDEC"; Value = "DO-214-AB"; VariantName = "[No Variations]"
Add component (AddParameter): Name = "Published"; Value = "8-Jun-2000"; VariantName = "[No Variations]"
Add component (AddParameter): Name = "Publisher"; Value = "Altium Limited"; VariantName = "[No Variations]"
Add component (AddParameter): Name = "Revision"; Value = "July-2002: Re-released for DXP Platform."; VariantName = "[No Variations]"
Add component (AddParameter): Name = "Value"; Value = "1N5007"; VariantName = "[No Variations]"
Added Component: Designator=JDC(DC-IN)
Add component (AddParameter): Name = "Value"; Value = "Jac DC"; VariantName = "[No Variations]"
Added Component: Designator=JP1(CON2)
Add component (AddParameter): Name = "Value"; Value = "Connector 2"; VariantName = "[No Variations]"
Added Component: Designator=JP2(CON2)
Add component (AddParameter): Name = "Value"; Value = "Connector 2"; VariantName = "[No Variations]"
Added Component: Designator=LED1(LED-0805-Red)
Add component (AddParameter): Name = "Value"; Value = "LED 3 - 5 ly 2 Colour"; VariantName = "[No Variations]"
Added Component: Designator=LED2(LED-0805-Red)
Add component (AddParameter): Name = "Value"; Value = "LED 3 ly Single Colour"; VariantName = "[No Variations]"
Added Component: Designator=LED3(LED-0805-Blue)
Add component (AddParameter): Name = "Value"; Value = "LED 3 ly Single Colour"; VariantName = "[No Variations]"
Added Component: Designator=LED4(LED-0805-Red)
Add component (AddParameter): Name = "Value"; Value = "LED 3 ly Single Colour"; VariantName = "[No Variations]"
Added Component: Designator=LED5(LED-0805-Blue)
Add component (AddParameter): Name = "Value"; Value = "LED 3 ly Single Colour"; VariantName = "[No Variations]"
Added Component: Designator=LED6(LED-0805-Red)
Add component (AddParameter): Name = "Value"; Value = "LED 3 ly Single Colour"; VariantName = "[No Variations]"
Added Component: Designator=LED7(LED-0805-Blue)
Add component (AddParameter): Name = "Value"; Value = "LED 3 ly Single Colour"; VariantName = "[No Variations]"
Added Component: Designator=LS1(SPEAKER)
Add component (AddParameter): Name = "LatestRevisionDate"; Value = "17-Jul-2002"; VariantName = "[No Variations]"
Add component (AddParameter): Name = "LatestRevisionNote"; Value = "Re-released for DXP Platform."; VariantName = "[No Variations]"
Add component (AddParameter): Name = "PackageReference"; Value = "PIN2"; VariantName = "[No Variations]"
Add component (AddParameter): Name = "Published"; Value = "24-Mar-1999"; VariantName = "[No Variations]"
Add component (AddParameter): Name = "Publisher"; Value = "Altium Limited"; VariantName = "[No Variations]"
Added Component: Designator=Q1(SOT23-231)
Add component (AddParameter): Name = "Value"; Value = "C1815"; VariantName = "[No Variations]"
Added Component: Designator=Q2(SOT23-231)
Add component (AddParameter): Name = "Value"; Value = "C1815"; VariantName = "[No Variations]"
Added Component: Designator=Q3(SOT23D)
Add component (AddParameter): Name = "Value"; Value = "C1815"; VariantName = "[No Variations]"
Added Component: Designator=Q4(SOT23D)
Add component (AddParameter): Name = "Value"; Value = "C1815"; VariantName = "[No Variations]"
Added Component: Designator=R1(RES-SMD-0805)
Add component (AddParameter): Name = "LatestRevisionDate"; Value = "17-Jul-2002"; VariantName = "[No Variations]"
Add component (AddParameter): Name = "LatestRevisionNote"; Value = "Re-released for DXP Platform."; VariantName = "[No Variations]"
Add component (AddParameter): Name = "PackageReference"; Value = "AXIAL-0.4"; VariantName = "[No Variations]"
Add component (AddParameter): Name = "Published"; Value = "8-Jun-2000"; VariantName = "[No Variations]"
Add component (AddParameter): Name = "Publisher"; Value = "Altium Limited"; VariantName = "[No Variations]"
Add component (AddParameter): Name = "Value"; Value = "1k"; VariantName = "[No Variations]"
Added Component: Designator=R2(RES-SMD-0805)
Add component (AddParameter): Name = "Class"; Value = "Passive"; VariantName = "[No Variations]"
Add component (AddParameter): Name = "Manufacturer"; Value = "Generic Components"; VariantName = "[No Variations]"
Add component (AddParameter): Name = "Published"; Value = "08/06/2000"; VariantName = "[No Variations]"
Add component (AddParameter): Name = "Publisher"; Value = "Altium Hobart Technology Centre"; VariantName = "[No Variations]"
Added Component: Designator=R3(RES-SMD-0805)
Add component (AddParameter): Name = "Class"; Value = "Passive"; VariantName = "[No Variations]"
Add component (AddParameter): Name = "Manufacturer"; Value = "Generic Components"; VariantName = "[No Variations]"
Add component (AddParameter): Name = "Published"; Value = "08/06/2000"; VariantName = "[No Variations]"
Add component (AddParameter): Name = "Publisher"; Value = "Altium Hobart Technology Centre"; VariantName = "[No Variations]"
Added Component: Designator=R4(RES-SMD-0805)
Add component (AddParameter): Name = "LatestRevisionDate"; Value = "17-Jul-2002"; VariantName = "[No Variations]"
Add component (AddParameter): Name = "LatestRevisionNote"; Value = "Re-released for DXP Platform."; VariantName = "[No Variations]"
Add component (AddParameter): Name = "PackageReference"; Value = "AXIAL-0.4"; VariantName = "[No Variations]"
Add component (AddParameter): Name = "Published"; Value = "8-Jun-2000"; VariantName = "[No Variations]"
Add component (AddParameter): Name = "Publisher"; Value = "Altium Limited"; VariantName = "[No Variations]"
Add component (AddParameter): Name = "Value"; Value = "12k"; VariantName = "[No Variations]"
Added Component: Designator=R5(RES-SMD-0805)
Add component (AddParameter): Name = "LatestRevisionDate"; Value = "17-Jul-2002"; VariantName = "[No Variations]"
Add component (AddParameter): Name = "LatestRevisionNote"; Value = "Re-released for DXP Platform."; VariantName = "[No Variations]"
Add component (AddParameter): Name = "PackageReference"; Value = "AXIAL-0.4"; VariantName = "[No Variations]"
Add component (AddParameter): Name = "Published"; Value = "8-Jun-2000"; VariantName = "[No Variations]"
Add component (AddParameter): Name = "Publisher"; Value = "Altium Limited"; VariantName = "[No Variations]"
Add component (AddParameter): Name = "Value"; Value = "12k"; VariantName = "[No Variations]"
Added Component: Designator=R6(RES-SMD-0805)
Add component (AddParameter): Name = "LatestRevisionDate"; Value = "17-Jul-2002"; VariantName = "[No Variations]"
Add component (AddParameter): Name = "LatestRevisionNote"; Value = "Re-released for DXP Platform."; VariantName = "[No Variations]"
Add component (AddParameter): Name = "PackageReference"; Value = "AXIAL-0.4"; VariantName = "[No Variations]"
Add component (AddParameter): Name = "Published"; Value = "8-Jun-2000"; VariantName = "[No Variations]"
Add component (AddParameter): Name = "Publisher"; Value = "Altium Limited"; VariantName = "[No Variations]"
Add component (AddParameter): Name = "Value"; Value = "470"; VariantName = "[No Variations]"
Added Component: Designator=R7(RES-SMD-0805)
Add component (AddParameter): Name = "LatestRevisionDate"; Value = "17-Jul-2002"; VariantName = "[No Variations]"
Add component (AddParameter): Name = "LatestRevisionNote"; Value = "Re-released for DXP Platform."; VariantName = "[No Variations]"
Add component (AddParameter): Name = "PackageReference"; Value = "AXIAL-0.4"; VariantName = "[No Variations]"
Add component (AddParameter): Name = "Published"; Value = "8-Jun-2000"; VariantName = "[No Variations]"
Add component (AddParameter): Name = "Publisher"; Value = "Altium Limited"; VariantName = "[No Variations]"
Add component (AddParameter): Name = "Value"; Value = "470"; VariantName = "[No Variations]"
Added Component: Designator=R8(RES-SMD-0805)
Add component (AddParameter): Name = "LatestRevisionDate"; Value = "17-Jul-2002"; VariantName = "[No Variations]"
Add component (AddParameter): Name = "LatestRevisionNote"; Value = "Re-released for DXP Platform."; VariantName = "[No Variations]"
Add component (AddParameter): Name = "PackageReference"; Value = "AXIAL-0.4"; VariantName = "[No Variations]"
Add component (AddParameter): Name = "Published"; Value = "8-Jun-2000"; VariantName = "[No Variations]"
Add component (AddParameter): Name = "Publisher"; Value = "Altium Limited"; VariantName = "[No Variations]"
Add component (AddParameter): Name = "Value"; Value = "12k"; VariantName = "[No Variations]"
Added Component: Designator=R9(RES-SMD-0805)
Add component (AddParameter): Name = "LatestRevisionDate"; Value = "17-Jul-2002"; VariantName = "[No Variations]"
Add component (AddParameter): Name = "LatestRevisionNote"; Value = "Re-released for DXP Platform."; VariantName = "[No Variations]"
Add component (AddParameter): Name = "PackageReference"; Value = "AXIAL-0.4"; VariantName = "[No Variations]"
Add component (AddParameter): Name = "Published"; Value = "8-Jun-2000"; VariantName = "[No Variations]"
Add component (AddParameter): Name = "Publisher"; Value = "Altium Limited"; VariantName = "[No Variations]"
Add component (AddParameter): Name = "Value"; Value = "12k"; VariantName = "[No Variations]"
Added Component: Designator=R12(RES-SMD-0805)
Add component (AddParameter): Name = "Class"; Value = "Passive"; VariantName = "[No Variations]"
Add component (AddParameter): Name = "Manufacturer"; Value = "Generic Components"; VariantName = "[No Variations]"
Add component (AddParameter): Name = "Published"; Value = "08/06/2000"; VariantName = "[No Variations]"
Add component (AddParameter): Name = "Publisher"; Value = "Altium Hobart Technology Centre"; VariantName = "[No Variations]"
Added Component: Designator=R13(RES-SMD-0805)
Add component (AddParameter): Name = "Class"; Value = "Passive"; VariantName = "[No Variations]"
Add component (AddParameter): Name = "Manufacturer"; Value = "Generic Components"; VariantName = "[No Variations]"
Add component (AddParameter): Name = "Published"; Value = "08/06/2000"; VariantName = "[No Variations]"
Add component (AddParameter): Name = "Publisher"; Value = "Altium Hobart Technology Centre"; VariantName = "[No Variations]"
Added Component: Designator=R14(RES-SMD-0805)
Add component (AddParameter): Name = "Class"; Value = "Passive"; VariantName = "[No Variations]"
Add component (AddParameter): Name = "Manufacturer"; Value = "Generic Components"; VariantName = "[No Variations]"
Add component (AddParameter): Name = "Published"; Value = "08/06/2000"; VariantName = "[No Variations]"
Add component (AddParameter): Name = "Publisher"; Value = "Altium Hobart Technology Centre"; VariantName = "[No Variations]"
Added Component: Designator=R15(RES-SMD-0805)
Add component (AddParameter): Name = "Class"; Value = "Passive"; VariantName = "[No Variations]"
Add component (AddParameter): Name = "Manufacturer"; Value = "Generic Components"; VariantName = "[No Variations]"
Add component (AddParameter): Name = "Published"; Value = "08/06/2000"; VariantName = "[No Variations]"
Add component (AddParameter): Name = "Publisher"; Value = "Altium Hobart Technology Centre"; VariantName = "[No Variations]"
Added Component: Designator=R16(RES-SMD-0805)
Add component (AddParameter): Name = "Class"; Value = "Passive"; VariantName = "[No Variations]"
Add component (AddParameter): Name = "Manufacturer"; Value = "Generic Components"; VariantName = "[No Variations]"
Add component (AddParameter): Name = "Published"; Value = "08/06/2000"; VariantName = "[No Variations]"
Add component (AddParameter): Name = "Publisher"; Value = "Altium Hobart Technology Centre"; VariantName = "[No Variations]"
Added Component: Designator=R17(RES-SMD-0805)
Add component (AddParameter): Name = "Class"; Value = "Passive"; VariantName = "[No Variations]"
Add component (AddParameter): Name = "Manufacturer"; Value = "Generic Components"; VariantName = "[No Variations]"
Add component (AddParameter): Name = "Published"; Value = "08/06/2000"; VariantName = "[No Variations]"
Add component (AddParameter): Name = "Publisher"; Value = "Altium Hobart Technology Centre"; VariantName = "[No Variations]"
Added Component: Designator=R18(RES-SMD-0805)
Add component (AddParameter): Name = "Class"; Value = "Passive"; VariantName = "[No Variations]"
Add component (AddParameter): Name = "Manufacturer"; Value = "Generic Components"; VariantName = "[No Variations]"
Add component (AddParameter): Name = "Published"; Value = "08/06/2000"; VariantName = "[No Variations]"
Add component (AddParameter): Name = "Publisher"; Value = "Altium Hobart Technology Centre"; VariantName = "[No Variations]"
Added Component: Designator=R19(RES-SMD-0805)
Add component (AddParameter): Name = "Class"; Value = "Passive"; VariantName = "[No Variations]"
Add component (AddParameter): Name = "Manufacturer"; Value = "Generic Components"; VariantName = "[No Variations]"
Add component (AddParameter): Name = "Published"; Value = "08/06/2000"; VariantName = "[No Variations]"
Add component (AddParameter): Name = "Publisher"; Value = "Altium Hobart Technology Centre"; VariantName = "[No Variations]"
Added Component: Designator=R20(RES-SMD-0805)
Add component (AddParameter): Name = "Class"; Value = "Passive"; VariantName = "[No Variations]"
Add component (AddParameter): Name = "Manufacturer"; Value = "Generic Components"; VariantName = "[No Variations]"
Add component (AddParameter): Name = "Published"; Value = "08/06/2000"; VariantName = "[No Variations]"
Add component (AddParameter): Name = "Publisher"; Value = "Altium Hobart Technology Centre"; VariantName = "[No Variations]"
Added Component: Designator=R21(RES-SMD-0805)
Add component (AddParameter): Name = "Class"; Value = "Passive"; VariantName = "[No Variations]"
Add component (AddParameter): Name = "Manufacturer"; Value = "Generic Components"; VariantName = "[No Variations]"
Add component (AddParameter): Name = "Published"; Value = "08/06/2000"; VariantName = "[No Variations]"
Add component (AddParameter): Name = "Publisher"; Value = "Altium Hobart Technology Centre"; VariantName = "[No Variations]"
Added Component: Designator=R22(RES-SMD-0805)
Add component (AddParameter): Name = "Class"; Value = "Passive"; VariantName = "[No Variations]"
Add component (AddParameter): Name = "Manufacturer"; Value = "Generic Components"; VariantName = "[No Variations]"
Add component (AddParameter): Name = "Published"; Value = "08/06/2000"; VariantName = "[No Variations]"
Add component (AddParameter): Name = "Publisher"; Value = "Altium Hobart Technology Centre"; VariantName = "[No Variations]"
Added Component: Designator=R23(RES-SMD-0805)
Add component (AddParameter): Name = "Class"; Value = "Passive"; VariantName = "[No Variations]"
Add component (AddParameter): Name = "Manufacturer"; Value = "Generic Components"; VariantName = "[No Variations]"
Add component (AddParameter): Name = "Published"; Value = "08/06/2000"; VariantName = "[No Variations]"
Add component (AddParameter): Name = "Publisher"; Value = "Altium Hobart Technology Centre"; VariantName = "[No Variations]"
Added Component: Designator=R24(RES-SMD-0805)
Add component (AddParameter): Name = "Class"; Value = "Passive"; VariantName = "[No Variations]"
Add component (AddParameter): Name = "Manufacturer"; Value = "Generic Components"; VariantName = "[No Variations]"
Add component (AddParameter): Name = "Published"; Value = "08/06/2000"; VariantName = "[No Variations]"
Add component (AddParameter): Name = "Publisher"; Value = "Altium Hobart Technology Centre"; VariantName = "[No Variations]"
Added Component: Designator=RL1(RELAY 5)
Add component (AddParameter): Name = "Value"; Value = "Relay SPDT, 10A, 12V"; VariantName = "[No Variations]"
Added Component: Designator=RL2(RELAY 5)
Add component (AddParameter): Name = "Value"; Value = "Relay SPDT, 10A, 12V"; VariantName = "[No Variations]"
Added Component: Designator=RL3(RELAY 5)
Add component (AddParameter): Name = "Value"; Value = "Relay SPDT, 10A, 12V"; VariantName = "[No Variations]"
Added Component: Designator=S1(SW 3x2x4)
Add component (AddParameter): Name = "LatestRevisionDate"; Value = "17-Jul-2002"; VariantName = "[No Variations]"
Add component (AddParameter): Name = "LatestRevisionNote"; Value = "Re-released for DXP Platform."; VariantName = "[No Variations]"
Add component (AddParameter): Name = "PackageReference"; Value = "SPST-2"; VariantName = "[No Variations]"
Add component (AddParameter): Name = "Published"; Value = "24-Mar-1999"; VariantName = "[No Variations]"
Add component (AddParameter): Name = "Publisher"; Value = "Altium Limited"; VariantName = "[No Variations]"
Added Component: Designator=S2(SW 3x2x4)
Add component (AddParameter): Name = "LatestRevisionDate"; Value = "17-Jul-2002"; VariantName = "[No Variations]"
Add component (AddParameter): Name = "LatestRevisionNote"; Value = "Re-released for DXP Platform."; VariantName = "[No Variations]"
Add component (AddParameter): Name = "PackageReference"; Value = "SPST-2"; VariantName = "[No Variations]"
Add component (AddParameter): Name = "Published"; Value = "24-Mar-1999"; VariantName = "[No Variations]"
Add component (AddParameter): Name = "Publisher"; Value = "Altium Limited"; VariantName = "[No Variations]"
Added Component: Designator=SW1(SW-4P-S)
Add component (AddParameter): Name = "LatestRevisionDate"; Value = "17-Jul-2002"; VariantName = "[No Variations]"
Add component (AddParameter): Name = "LatestRevisionNote"; Value = "Re-released for DXP Platform."; VariantName = "[No Variations]"
Add component (AddParameter): Name = "PackageReference"; Value = "SPST-2"; VariantName = "[No Variations]"
Add component (AddParameter): Name = "Published"; Value = "24-Mar-1999"; VariantName = "[No Variations]"
Add component (AddParameter): Name = "Publisher"; Value = "Altium Limited"; VariantName = "[No Variations]"
Added Component: Designator=SW2(SW-4P-S)
Add component (AddParameter): Name = "LatestRevisionDate"; Value = "17-Jul-2002"; VariantName = "[No Variations]"
Add component (AddParameter): Name = "LatestRevisionNote"; Value = "Re-released for DXP Platform."; VariantName = "[No Variations]"
Add component (AddParameter): Name = "PackageReference"; Value = "SPST-2"; VariantName = "[No Variations]"
Add component (AddParameter): Name = "Published"; Value = "24-Mar-1999"; VariantName = "[No Variations]"
Add component (AddParameter): Name = "Publisher"; Value = "Altium Limited"; VariantName = "[No Variations]"
Added Component: Designator=(CON4)
Add component (AddParameter): Name = "Value"; Value = "Connector 4"; VariantName = "[No Variations]"
Added Component: Designator=(CON8)
Add component (AddParameter): Name = "Value"; Value = "Connector 8"; VariantName = "[No Variations]"
Added Component: Designator=(Header7)
Add component (AddParameter): Name = "Value"; Value = "Connector 7"; VariantName = "[No Variations]"
Added Component: Designator=U2(LM1117-SOP)
Add component (AddParameter): Name = "Creator"; Value = "Nguyen Ba Bien"; VariantName = "[No Variations]"
Add component (AddParameter): Name = "Website"; Value = "http://group3i.net"; VariantName = "[No Variations]"
Added Component: Designator=U3(SO016)
Add component (AddParameter): Name = "Availability"; Value = "Unavailable"; VariantName = "[No Variations]"
Add component (AddParameter): Name = "Check_prices"; Value = "https://www.snapeda.com/parts/CH340C/WCH/view-part/5428851/?ref=eda"; VariantName = "[No Variations]"
Add component (AddParameter): Name = "MF"; Value = "WCH"; VariantName = "[No Variations]"
Add component (AddParameter): Name = "MP"; Value = "CH340C"; VariantName = "[No Variations]"
Add component (AddParameter): Name = "Package"; Value = "Package"; VariantName = "[No Variations]"
Add component (AddParameter): Name = "Price"; Value = "None"; VariantName = "[No Variations]"
Add component (AddParameter): Name = "SnapEDA_Link"; Value = "https://www.snapeda.com/parts/CH340C/WCH/view-part/5428851/?ref=snap"; VariantName = "[No Variations]"
Add component (AddParameter): Name = "Value"; Value = ""; VariantName = "[No Variations]"
Added Component: Designator=U4(TP4056)
Added Component: Designator=U5(TP4056)
Added Component: Designator=U6(TP4056)
Added Component: Designator=U(MODULE_ESP32-WROOM-32)
Add component (AddParameter): Name = "Digi-Key_Part_Number"; Value = "1904-1010-1-ND"; VariantName = "[No Variations]"
Add component (AddParameter): Name = "Digi-Key_Purchase_URL"; Value = "https://www.digikey.com/product-detail/en/espressif-systems/ESP32-WROOM-32/1904-1010-1-ND/8544305?utm_source=snapeda&utm_medium=aggregator&utm_campaign=symbol"; VariantName = "[No Variations]"
Add component (AddParameter): Name = "MF"; Value = "Espressif Systems"; VariantName = "[No Variations]"
Add component (AddParameter): Name = "MP"; Value = "ESP32-WROOM-32"; VariantName = "[No Variations]"
Add component (AddParameter): Name = "Package"; Value = "Module Espressif Systems"; VariantName = "[No Variations]"
Add component (AddParameter): Name = "SnapEDA_Link"; Value = "https://www.snapeda.com/parts/ESP32-WROOM-32/Espressif%20Systems/view-part/2753322/?ref=snap"; VariantName = "[No Variations]"
Add component (AddParameter): Name = "Value"; Value = ""; VariantName = "[No Variations]"
Added Pin To Net: NetName=GND Pin=*-5
Added Pin To Net: NetName=VDD3V3 Pin=-3
Added Pin To Net: NetName=GND Pin=-4
Added Pin To Net: NetName=GND Pin=-6
Added Pin To Net: NetName=GND Pin=C1-1
Added Pin To Net: NetName=VDD3V3 Pin=C1-2
Added Pin To Net: NetName=GND Pin=C2-1
Added Pin To Net: NetName=GND Pin=C4-1
Added Pin To Net: NetName=GND Pin=C6-1
Added Pin To Net: NetName=GND Pin=C7-1
Added Pin To Net: NetName=GND Pin=C8-1
Added Pin To Net: NetName=GND Pin=C9-1
Added Pin To Net: NetName=GND Pin=C10-1
Added Pin To Net: NetName=GND Pin=C10-2
Added Pin To Net: NetName=GND Pin=C11-1
Added Pin To Net: NetName=GND Pin=C12-1
Added Pin To Net: NetName=GND Pin=C12-2
Added Pin To Net: NetName=GND Pin=C13-1
Added Pin To Net: NetName=GND Pin=C14-2
Added Pin To Net: NetName=GND Pin=C15-2
Added Pin To Net: NetName=GND Pin=JP1-2
Added Pin To Net: NetName=GND Pin=JP2-2
Added Pin To Net: NetName=GND Pin=LED1-2
Added Pin To Net: NetName=GND Pin=LS1-2
Added Pin To Net: NetName=GND Pin=Q3-2
Added Pin To Net: NetName=GND Pin=Q4-2
Added Pin To Net: NetName=VDD3V3 Pin=R1-1
Added Pin To Net: NetName=GND Pin=R15-1
Added Pin To Net: NetName=GND Pin=R18-1
Added Pin To Net: NetName=GND Pin=R21-1
Added Pin To Net: NetName=GND Pin=R22-2
Added Pin To Net: NetName=GND Pin=R23-1
Added Pin To Net: NetName=GND Pin=RL1-5
Added Pin To Net: NetName=VDD3V3 Pin=RL2-3
Added Pin To Net: NetName=GND Pin=S1-2
Added Pin To Net: NetName=GND Pin=S2-2
Added Pin To Net: NetName=GND Pin=SW1-1
Added Pin To Net: NetName=GND Pin=SW1-4
Added Pin To Net: NetName=GND Pin=SW2-1
Added Pin To Net: NetName=GND Pin=SW2-4
Added Pin To Net: NetName=GND Pin=U2-1
Added Pin To Net: NetName=VDD3V3 Pin=U2-3
Added Pin To Net: NetName=GND Pin=U3-1
Added Pin To Net: NetName=GND Pin=U4-3
Added Pin To Net: NetName=GND Pin=U5-3
Added Pin To Net: NetName=GND Pin=U5-5
Added Pin To Net: NetName=GND Pin=U6-3
Added Pin To Net: NetName=GND Pin=U6-5
Added Pin To Net: NetName=GND Pin=U-1
Added Pin To Net: NetName=GND Pin=U-15
Added Pin To Net: NetName=GND Pin=U-38
Added Pin To Net: NetName=GND Pin=U-39_1
Added Pin To Net: NetName=GND Pin=U-39_2
Added Pin To Net: NetName=GND Pin=U-39_3
Added Pin To Net: NetName=GND Pin=U-39_4
Added Pin To Net: NetName=GND Pin=U-39_5
Added Pin To Net: NetName=GND Pin=U-39_6
Added Pin To Net: NetName=GND Pin=U-39_7
Added Pin To Net: NetName=GND Pin=U-39_8
Added Pin To Net: NetName=GND Pin=U-39_9
Added Pin To Net: NetName=GND Pin=U-39_10
Added Pin To Net: NetName=GND Pin=U-39_11
Added Pin To Net: NetName=GND Pin=U-39_12
Added Pin To Net: NetName=GND Pin=U-39_13
Added Pin To Net: NetName=GND Pin=U-39_14
Added Pin To Net: NetName=GND Pin=U-39_15
Added Pin To Net: NetName=GND Pin=U-39_16
Added Pin To Net: NetName=GND Pin=U-39_17
Added Pin To Net: NetName=GND Pin=U-39_18
Added Pin To Net: NetName=GND Pin=U-39_19
Added Pin To Net: NetName=GND Pin=U-39_20
Added Pin To Net: NetName=GND Pin=U-39_21
Change Net Name : Old Net Name=NetC?_1 New Net Name=NetC3_1
Change Net Name : Old Net Name=NetD?_2 New Net Name=NetD1_2
Change Net Name : Old Net Name=VDD3V3 New Net Name=5V
Added Pin To Net: NetName=3V3 Pin=-8
Added Pin To Net: NetName=3V3 Pin=C2-2
Added Pin To Net: NetName=3V3 Pin=C14-1
Added Pin To Net: NetName=3V3 Pin=C15-1
Added Pin To Net: NetName=3V3 Pin=R4-2
Added Pin To Net: NetName=3V3 Pin=R5-2
Added Pin To Net: NetName=3V3 Pin=U-2
Added Pin To Net: NetName=3V3 Pin=U2-2
Added Pin To Net: NetName=3V3 Pin=U2-2
Added Net: Name=3V3
Added Pin To Net: NetName=Access_Point Pin=SW2-2
Added Pin To Net: NetName=Access_Point Pin=U-7
Added Net: Name=Access_Point
Added Pin To Net: NetName=BAT_ADC Pin=R22-1
Added Pin To Net: NetName=BAT_ADC Pin=R23-2
Added Pin To Net: NetName=BAT_ADC Pin=U-10
Added Net: Name=BAT_ADC
Added Pin To Net: NetName=BOOT Pin=Q2-3
Added Pin To Net: NetName=BOOT Pin=R5-1
Added Pin To Net: NetName=BOOT Pin=R7-2
Added Pin To Net: NetName=BOOT Pin=U-25
Added Net: Name=BOOT
Added Pin To Net: NetName=Buzzer  Pin=LS1-1
Added Net: Name=Buzzer 
Added Pin To Net: NetName=COL1 Pin=-3
Added Pin To Net: NetName=COL1 Pin=U-26
Added Net: Name=COL1
Added Pin To Net: NetName=COL2 Pin=-1
Added Pin To Net: NetName=COL2 Pin=U-28
Added Net: Name=COL2
Added Pin To Net: NetName=COL3 Pin=-5
Added Pin To Net: NetName=COL3 Pin=U-23
Added Net: Name=COL3
Added Pin To Net: NetName=Control Pin=SW1-2
Added Pin To Net: NetName=Control Pin=U-6
Added Net: Name=Control
Added Pin To Net: NetName=DTR Pin=Q2-1
Added Pin To Net: NetName=DTR Pin=R8-1
Added Pin To Net: NetName=DTR Pin=U3-13
Added Net: Name=DTR
Added Pin To Net: NetName=EN Pin=Q1-1
Added Pin To Net: NetName=EN Pin=R4-1
Added Pin To Net: NetName=EN Pin=R6-2
Added Pin To Net: NetName=EN Pin=U-3
Added Net: Name=EN
Added Pin To Net: NetName=IRQ Pin=-5
Added Net: Name=IRQ
Added Pin To Net: NetName=Lock Pin=R12-1
Added Pin To Net: NetName=Lock Pin=U-13
Added Net: Name=Lock
Added Pin To Net: NetName=MISO Pin=-4
Added Pin To Net: NetName=MISO Pin=U-37
Added Net: Name=MISO
Added Pin To Net: NetName=MOSI Pin=-3
Added Pin To Net: NetName=MOSI Pin=U-31
Added Net: Name=MOSI
Added Pin To Net: NetName=Net*_1 Pin=*-1
Added Pin To Net: NetName=Net*_1 Pin=DIO2-1
Added Net: Name=Net*_1
Added Pin To Net: NetName=NetC4_2 Pin=C4-2
Added Pin To Net: NetName=NetC4_2 Pin=SW1-3
Added Net: Name=NetC4_2
Added Pin To Net: NetName=NetC6_2 Pin=C6-2
Added Pin To Net: NetName=NetC6_2 Pin=SW2-3
Added Net: Name=NetC6_2
Added Pin To Net: NetName=NetC7_2 Pin=C7-2
Added Pin To Net: NetName=NetC7_2 Pin=U3-4
Added Net: Name=NetC7_2
Added Pin To Net: NetName=NetDIO3_1 Pin=DIO3-1
Added Pin To Net: NetName=NetDIO3_1 Pin=Q3-3
Added Pin To Net: NetName=NetDIO3_1 Pin=RL2-4
Added Net: Name=NetDIO3_1
Added Pin To Net: NetName=NetDIO4_1 Pin=DIO4-1
Added Pin To Net: NetName=NetDIO4_1 Pin=Q4-3
Added Pin To Net: NetName=NetDIO4_1 Pin=RL3-4
Added Net: Name=NetDIO4_1
Added Pin To Net: NetName=NetDIO4_2 Pin=DIO4-2
Added Pin To Net: NetName=NetDIO4_2 Pin=RL3-5
Added Net: Name=NetDIO4_2
Added Pin To Net: NetName=NetJDC_2 Pin=JDC-2
Added Pin To Net: NetName=NetJDC_2 Pin=JDC-3
Added Net: Name=NetJDC_2
Added Pin To Net: NetName=NetJP2_1 Pin=JP2-1
Added Pin To Net: NetName=NetJP2_1 Pin=RL3-1
Added Net: Name=NetJP2_1
Added Pin To Net: NetName=NetLED1_1 Pin=LED1-1
Added Pin To Net: NetName=NetLED1_1 Pin=R1-2
Added Net: Name=NetLED1_1
Added Pin To Net: NetName=NetLED2_2 Pin=LED2-2
Added Pin To Net: NetName=NetLED2_2 Pin=R13-1
Added Net: Name=NetLED2_2
Added Pin To Net: NetName=NetLED3_2 Pin=LED3-2
Added Pin To Net: NetName=NetLED3_2 Pin=R14-1
Added Net: Name=NetLED3_2
Added Pin To Net: NetName=NetLED4_2 Pin=LED4-2
Added Pin To Net: NetName=NetLED4_2 Pin=R16-1
Added Net: Name=NetLED4_2
Added Pin To Net: NetName=NetLED5_2 Pin=LED5-2
Added Pin To Net: NetName=NetLED5_2 Pin=R17-1
Added Net: Name=NetLED5_2
Added Pin To Net: NetName=NetLED6_2 Pin=LED6-2
Added Pin To Net: NetName=NetLED6_2 Pin=R19-1
Added Net: Name=NetLED6_2
Added Pin To Net: NetName=NetLED7_2 Pin=LED7-2
Added Pin To Net: NetName=NetLED7_2 Pin=R20-1
Added Net: Name=NetLED7_2
Added Pin To Net: NetName=NetQ1_2 Pin=Q1-2
Added Pin To Net: NetName=NetQ1_2 Pin=R8-2
Added Net: Name=NetQ1_2
Added Pin To Net: NetName=NetQ2_2 Pin=Q2-2
Added Pin To Net: NetName=NetQ2_2 Pin=R9-2
Added Net: Name=NetQ2_2
Added Pin To Net: NetName=NetQ3_1 Pin=Q3-1
Added Pin To Net: NetName=NetQ3_1 Pin=R24-2
Added Net: Name=NetQ3_1
Added Pin To Net: NetName=NetQ4_1 Pin=Q4-1
Added Pin To Net: NetName=NetQ4_1 Pin=R12-2
Added Net: Name=NetQ4_1
Added Pin To Net: NetName=NetR2_1 Pin=R2-1
Added Pin To Net: NetName=NetR2_1 Pin=U3-2
Added Net: Name=NetR2_1
Added Pin To Net: NetName=NetR3_1 Pin=R3-1
Added Pin To Net: NetName=NetR3_1 Pin=U3-3
Added Net: Name=NetR3_1
Added Pin To Net: NetName=NetR6_1 Pin=R6-1
Added Pin To Net: NetName=NetR6_1 Pin=S1-1
Added Net: Name=NetR6_1
Added Pin To Net: NetName=NetR7_1 Pin=R7-1
Added Pin To Net: NetName=NetR7_1 Pin=S2-1
Added Net: Name=NetR7_1
Added Pin To Net: NetName=NetR13_2 Pin=R13-2
Added Pin To Net: NetName=NetR13_2 Pin=U4-7
Added Net: Name=NetR13_2
Added Pin To Net: NetName=NetR14_2 Pin=R14-2
Added Pin To Net: NetName=NetR14_2 Pin=U4-6
Added Net: Name=NetR14_2
Added Pin To Net: NetName=NetR15_2 Pin=R15-2
Added Pin To Net: NetName=NetR15_2 Pin=U4-2
Added Net: Name=NetR15_2
Added Pin To Net: NetName=NetR16_2 Pin=R16-2
Added Pin To Net: NetName=NetR16_2 Pin=U5-7
Added Net: Name=NetR16_2
Added Pin To Net: NetName=NetR17_2 Pin=R17-2
Added Pin To Net: NetName=NetR17_2 Pin=U5-6
Added Net: Name=NetR17_2
Added Pin To Net: NetName=NetR18_2 Pin=R18-2
Added Pin To Net: NetName=NetR18_2 Pin=U5-2
Added Net: Name=NetR18_2
Added Pin To Net: NetName=NetR19_2 Pin=R19-2
Added Pin To Net: NetName=NetR19_2 Pin=U6-7
Added Net: Name=NetR19_2
Added Pin To Net: NetName=NetR20_2 Pin=R20-2
Added Pin To Net: NetName=NetR20_2 Pin=U6-6
Added Net: Name=NetR20_2
Added Pin To Net: NetName=NetR21_2 Pin=R21-2
Added Pin To Net: NetName=NetR21_2 Pin=U6-2
Added Net: Name=NetR21_2
Added Pin To Net: NetName=NetU1_3 Pin=U1-3
Added Pin To Net: NetName=NetU1_3 Pin=U1-5
Added Net: Name=NetU1_3
Added Pin To Net: NetName=OUT+ Pin=C8-2
Added Pin To Net: NetName=OUT+ Pin=JP1-1
Added Pin To Net: NetName=OUT+ Pin=RL1-2
Added Pin To Net: NetName=OUT+ Pin=U4-5
Added Net: Name=OUT+
Added Pin To Net: NetName=PIN Pin=U-11
Added Net: Name=PIN
Added Pin To Net: NetName=ROW1 Pin=-2
Added Pin To Net: NetName=ROW1 Pin=U-27
Added Net: Name=ROW1
Added Pin To Net: NetName=ROW2 Pin=-7
Added Pin To Net: NetName=ROW2 Pin=U-14
Added Net: Name=ROW2
Added Pin To Net: NetName=ROW3 Pin=-6
Added Pin To Net: NetName=ROW3 Pin=U-16
Added Net: Name=ROW3
Added Pin To Net: NetName=ROW4 Pin=-4
Added Pin To Net: NetName=ROW4 Pin=U-24
Added Net: Name=ROW4
Added Pin To Net: NetName=RST Pin=-7
Added Pin To Net: NetName=RST Pin=U3-14
Added Net: Name=RST
Added Pin To Net: NetName=RTS Pin=Q1-3
Added Pin To Net: NetName=RTS Pin=R9-1
Added Net: Name=RTS
Added Pin To Net: NetName=RX0 Pin=R2-2
Added Net: Name=RX0
Added Pin To Net: NetName=SCK Pin=-2
Added Pin To Net: NetName=SCK Pin=U-30
Added Net: Name=SCK
Added Pin To Net: NetName=SCL_I2C Pin=-1
Added Pin To Net: NetName=SCL_I2C Pin=U-36
Added Net: Name=SCL_I2C
Added Pin To Net: NetName=SDA_I2C Pin=-2
Added Pin To Net: NetName=SDA_I2C Pin=U-33
Added Net: Name=SDA_I2C
Added Pin To Net: NetName=Source Pin=DIO1-1
Added Pin To Net: NetName=Source Pin=RL1-1
Added Pin To Net: NetName=Source Pin=RL3-3
Added Net: Name=Source
Added Pin To Net: NetName=SS Pin=-1
Added Pin To Net: NetName=SS Pin=U-29
Added Net: Name=SS
Added Pin To Net: NetName=TX0 Pin=R3-2
Added Net: Name=TX0
Added Pin To Net: NetName=UD+ Pin=*-3
Added Pin To Net: NetName=UD+ Pin=U3-5
Added Net: Name=UD+
Added Pin To Net: NetName=UD- Pin=*-2
Added Pin To Net: NetName=UD- Pin=U3-6
Added Net: Name=UD-
Added Pin To Net: NetName=VCC_USB Pin=DIO2-2
Added Pin To Net: NetName=VCC_USB Pin=U3-16
Added Net: Name=VCC_USB
Added Pin To Net: NetName=Vcharge Pin=C9-2
Added Pin To Net: NetName=Vcharge Pin=C11-2
Added Pin To Net: NetName=Vcharge Pin=C13-2
Added Pin To Net: NetName=Vcharge Pin=LED2-1
Added Pin To Net: NetName=Vcharge Pin=LED3-1
Added Pin To Net: NetName=Vcharge Pin=LED4-1
Added Pin To Net: NetName=Vcharge Pin=LED5-1
Added Pin To Net: NetName=Vcharge Pin=LED6-1
Added Pin To Net: NetName=Vcharge Pin=LED7-1
Added Pin To Net: NetName=Vcharge Pin=RL2-1
Added Pin To Net: NetName=Vcharge Pin=U4-4
Added Pin To Net: NetName=Vcharge Pin=U5-4
Added Pin To Net: NetName=Vcharge Pin=U6-4
Added Net: Name=Vcharge
Added Pin To Net: NetName=VIN Pin=DIO3-2
Added Pin To Net: NetName=VIN Pin=JDC-1
Added Pin To Net: NetName=VIN Pin=RL1-3
Added Pin To Net: NetName=VIN Pin=RL2-5
Added Net: Name=VIN
Added Member To Class: ClassName=Smart_Lock Member=Component * USB-M
Added Member To Class: ClassName=Smart_Lock Member=Component C1 104
Added Member To Class: ClassName=Smart_Lock Member=Component C2 104
Added Member To Class: ClassName=Smart_Lock Member=Component C4 100nF
Added Member To Class: ClassName=Smart_Lock Member=Component C5 220uF
Added Member To Class: ClassName=Smart_Lock Member=Component C6 100nF
Added Member To Class: ClassName=Smart_Lock Member=Component C7 Capacitor Ceramic
Added Member To Class: ClassName=Smart_Lock Member=Component C8 10uF
Added Member To Class: ClassName=Smart_Lock Member=Component C9 10uF
Added Member To Class: ClassName=Smart_Lock Member=Component C10 10uF
Added Member To Class: ClassName=Smart_Lock Member=Component C11 10uF
Added Member To Class: ClassName=Smart_Lock Member=Component C12 10uF
Added Member To Class: ClassName=Smart_Lock Member=Component C13 10uF
Added Member To Class: ClassName=Smart_Lock Member=Component C14 100nF
Added Member To Class: ClassName=Smart_Lock Member=Component C15 10uF
Added Member To Class: ClassName=Smart_Lock Member=Component DIO2 Diode SMD
Added Member To Class: ClassName=Smart_Lock Member=Component DIO3 Diode SMD
Added Member To Class: ClassName=Smart_Lock Member=Component DIO4 Diode SMD
Added Member To Class: ClassName=Smart_Lock Member=Component JDC Jac DC
Added Member To Class: ClassName=Smart_Lock Member=Component JP1 JP2
Added Member To Class: ClassName=Smart_Lock Member=Component JP2
Added Member To Class: ClassName=Smart_Lock Member=Component L1 33uH
Added Member To Class: ClassName=Smart_Lock Member=Component LED1 LED
Added Member To Class: ClassName=Smart_Lock Member=Component LED2 LED
Added Member To Class: ClassName=Smart_Lock Member=Component LED3 LED
Added Member To Class: ClassName=Smart_Lock Member=Component LED4 LED
Added Member To Class: ClassName=Smart_Lock Member=Component LED5 LED
Added Member To Class: ClassName=Smart_Lock Member=Component LED6 LED
Added Member To Class: ClassName=Smart_Lock Member=Component LED7 LED
Added Member To Class: ClassName=Smart_Lock Member=Component LS1 Speaker
Added Member To Class: ClassName=Smart_Lock Member=Component Q1 2N222
Added Member To Class: ClassName=Smart_Lock Member=Component Q2 2N222
Added Member To Class: ClassName=Smart_Lock Member=Component Q3 2N222
Added Member To Class: ClassName=Smart_Lock Member=Component Q4 2N222
Added Member To Class: ClassName=Smart_Lock Member=Component R1 R0.4W
Added Member To Class: ClassName=Smart_Lock Member=Component R2 470
Added Member To Class: ClassName=Smart_Lock Member=Component R3 470
Added Member To Class: ClassName=Smart_Lock Member=Component R4 R0.4W
Added Member To Class: ClassName=Smart_Lock Member=Component R5 R0.4W
Added Member To Class: ClassName=Smart_Lock Member=Component R6 R0.4W
Added Member To Class: ClassName=Smart_Lock Member=Component R7 R0.4W
Added Member To Class: ClassName=Smart_Lock Member=Component R8 R0.4W
Added Member To Class: ClassName=Smart_Lock Member=Component R9 R0.4W
Added Member To Class: ClassName=Smart_Lock Member=Component R12 1k
Added Member To Class: ClassName=Smart_Lock Member=Component R13 1k
Added Member To Class: ClassName=Smart_Lock Member=Component R14 1k
Added Member To Class: ClassName=Smart_Lock Member=Component R15 1.2k
Added Member To Class: ClassName=Smart_Lock Member=Component R16 1k
Added Member To Class: ClassName=Smart_Lock Member=Component R17 1k
Added Member To Class: ClassName=Smart_Lock Member=Component R18 1.2k
Added Member To Class: ClassName=Smart_Lock Member=Component R19 1k
Added Member To Class: ClassName=Smart_Lock Member=Component R20 1k
Added Member To Class: ClassName=Smart_Lock Member=Component R21 1.2k
Added Member To Class: ClassName=Smart_Lock Member=Component R22 1k
Added Member To Class: ClassName=Smart_Lock Member=Component R23 1k
Added Member To Class: ClassName=Smart_Lock Member=Component R24 1k
Added Member To Class: ClassName=Smart_Lock Member=Component RL1 Relay 10A/12V
Added Member To Class: ClassName=Smart_Lock Member=Component RL2 Relay 10A/12V
Added Member To Class: ClassName=Smart_Lock Member=Component RL3 Relay 10A/5V
Added Member To Class: ClassName=Smart_Lock Member=Component S1 SW-SMD
Added Member To Class: ClassName=Smart_Lock Member=Component S2 SW-SMD
Added Member To Class: ClassName=Smart_Lock Member=Component SW1 SW-4P-S
Added Member To Class: ClassName=Smart_Lock Member=Component SW2 SW-4P-S
Added Member To Class: ClassName=Smart_Lock Member=Component  I2C
Added Member To Class: ClassName=Smart_Lock Member=Component  RFID
Added Member To Class: ClassName=Smart_Lock Member=Component  Keypad
Added Member To Class: ClassName=Smart_Lock Member=Component U2 LM1117-ADJ
Added Member To Class: ClassName=Smart_Lock Member=Component U3 CH340C
Added Member To Class: ClassName=Smart_Lock Member=Component U4 TP4056
Added Member To Class: ClassName=Smart_Lock Member=Component U5 TP4056
Added Member To Class: ClassName=Smart_Lock Member=Component U6 TP4056
Added Member To Class: ClassName=Smart_Lock Member=Component U ESP32-WROOM-32
Added Room: Name=Smart_Lock
