Removed Pin From Net: NetName=ROW2 Pin=-1
Removed Pin From Net: NetName=ROW3 Pin=-2
Removed Pin From Net: NetName=COL3 Pin=-3
Removed Pin From Net: NetName=COL1 Pin=-5
Removed Pin From Net: NetName=ROW1 Pin=-6
Removed Pin From Net: NetName=COL2 Pin=-7
Removed Pin From Net: NetName=RST Pin=U3-14
Added Pin To Net: NetName=COL2 Pin=-1
Added Pin To Net: NetName=ROW1 Pin=-2
Added Pin To Net: NetName=COL1 Pin=-3
Added Pin To Net: NetName=COL3 Pin=-5
Added Pin To Net: NetName=ROW3 Pin=-6
Added Pin To Net: NetName=ROW2 Pin=-7
Added Pin To Net: NetName=RTS Pin=U3-14
Added Member To Class: ClassName=Smart_Lock Member=Component  RFID
Added Member To Class: ClassName=Smart_Lock Member=Component  I2C
Added Member To Class: ClassName=Smart_Lock Member=Component  Keypad
Added Member To Class: ClassName=Smart_Lock Member=Component U1 LM2976
Added Member To Class: ClassName=Smart_Lock Member=Component U2 LM1117-ADJ
Added Member To Class: ClassName=Smart_Lock Member=Component U3 CH340C
Added Member To Class: ClassName=Smart_Lock Member=Component U4 TP4056
Added Member To Class: ClassName=Smart_Lock Member=Component U5 TP4056
Added Member To Class: ClassName=Smart_Lock Member=Component U6 TP4056
Added Member To Class: ClassName=Smart_Lock Member=Component U ESP32-WROOM-32
Added Room: Name=Smart_Lock
