Added Component: Designator=JP?(CON2)
Add component (AddParameter): Name = "Value"; Value = "Connector 2"; VariantName = "[No Variations]"
Added Component: Designator=JP?(CON2)
Add component (AddParameter): Name = "Value"; Value = "Connector 2"; VariantName = "[No Variations]"
Added Component: Designator=JP?(CON2)
Add component (AddParameter): Name = "Value"; Value = "Connector 2"; VariantName = "[No Variations]"
Added Pin To Net: NetName=OUT+ Pin=JP?-1
Added Pin To Net: NetName=VBat1- Pin=JP?-1
Added Pin To Net: NetName=VBat2- Pin=JP?-1
Added Pin To Net: NetName=GND Pin=JP?-2
Added Pin To Net: NetName=VBat1- Pin=JP?-2
Added Pin To Net: NetName=VBat2- Pin=JP?-2
Added Member To Class: ClassName=Smart_Lock Member=Component JP? JP2
Added Member To Class: ClassName=Smart_Lock Member=Component JP? JP2
Added Member To Class: ClassName=Smart_Lock Member=Component JP? JP2
Added Member To Class: ClassName=Smart_Lock Member=Component  I2C
Added Member To Class: ClassName=Smart_Lock Member=Component  RFID
Added Member To Class: ClassName=Smart_Lock Member=Component  Keypad
Added Member To Class: ClassName=Smart_Lock Member=Component U1 LM2976
Added Member To Class: ClassName=Smart_Lock Member=Component U2 LM1117-ADJ
Added Member To Class: ClassName=Smart_Lock Member=Component U3 CH340C
Added Member To Class: ClassName=Smart_Lock Member=Component U4 TP4056
Added Member To Class: ClassName=Smart_Lock Member=Component U5 TP4056
Added Member To Class: ClassName=Smart_Lock Member=Component U6 TP4056
Added Member To Class: ClassName=Smart_Lock Member=Component U ESP32-WROOM-32
Added Room: Name=Smart_Lock
