Removed Pin From Net: NetName=GND Pin=C8-1
Removed Pin From Net: NetName=GND Pin=C9-1
Removed Pin From Net: NetName=GND Pin=C10-1
Removed Pin From Net: NetName=GND Pin=C10-2
Removed Pin From Net: NetName=GND Pin=C11-1
Removed Pin From Net: NetName=GND Pin=C12-2
Removed Pin From Net: NetName=GND Pin=R15-1
Removed Pin From Net: NetName=GND Pin=R18-1
Removed Pin From Net: NetName=GND Pin=R22-2
Removed Pin From Net: NetName=GND Pin=U4-3
Removed Pin From Net: NetName=GND Pin=U5-3
Removed Pin From Net: NetName=GND Pin=U5-5
Removed Pin From Net: NetName=GND Pin=U6-5
Added Pin To Net: NetName=VBat1- Pin=C8-1
Added Pin To Net: NetName=VBat1- Pin=C9-1
Added Pin To Net: NetName=VBat1- Pin=C10-2
Added Pin To Net: NetName=VBat1- Pin=R15-1
Added Pin To Net: NetName=VBat1- Pin=U4-3
Added Pin To Net: NetName=VBat1- Pin=U5-5
Added Net: Name=VBat1-
Added Pin To Net: NetName=VBat2- Pin=C10-1
Added Pin To Net: NetName=VBat2- Pin=C11-1
Added Pin To Net: NetName=VBat2- Pin=C12-2
Added Pin To Net: NetName=VBat2- Pin=R18-1
Added Pin To Net: NetName=VBat2- Pin=R22-2
Added Pin To Net: NetName=VBat2- Pin=U5-3
Added Pin To Net: NetName=VBat2- Pin=U6-5
Added Net: Name=VBat2-
Added Member To Class: ClassName=Smart_Lock Member=Component  I2C
Added Member To Class: ClassName=Smart_Lock Member=Component  Keypad
Added Room: Name=Smart_Lock
